<?xml version="1.0" encoding="UTF-8"?>
<testsuite xmlns:xsi="http://www.w3.org/2001/XMLSchema-instance" xsi:noNamespaceSchemaLocation="https://maven.apache.org/surefire/maven-surefire-plugin/xsd/surefire-test-report.xsd" name="tests.ArticleTests" time="0.381" tests="4" errors="4" skipped="0" failures="0">
  <properties>
[...]
</properties>
  <testcase name="testCompareArticleTitle" classname="tests.ArticleTests" time="0.146">
    <error message="Cannot detected type drivernull" type="java.lang.Exception">java.lang.Exception: Cannot detected type drivernull
</error>
  </testcase>
  <testcase name="testCompareArticleTitle" classname="tests.ArticleTests" time="0.148">
    <error type="java.lang.NullPointerException">java.lang.NullPointerException
</error>
  </testcase>
  <testcase name="testSwipeArticleTitle" classname="tests.ArticleTests" time="0.007">
    <error message="Cannot detected type drivernull" type="java.lang.Exception">java.lang.Exception: Cannot detected type drivernull
</error>
  </testcase>
  <testcase name="testSwipeArticleTitle" classname="tests.ArticleTests" time="0.008">
    <error type="java.lang.NullPointerException">java.lang.NullPointerException
</error>
  </testcase>
</testsuite>